[debug] [2024-12-04T18:29:35.982Z] ----------------------------------------------------------------------
[debug] [2024-12-04T18:29:35.985Z] Command:       C:\Program Files\nodejs\node.exe C:\Users\CRMN\AppData\Roaming\npm\node_modules\firebase-tools\lib\bin\firebase.js projects:list --json
[debug] [2024-12-04T18:29:35.986Z] CLI Version:   13.27.0
[debug] [2024-12-04T18:29:35.986Z] Platform:      win32
[debug] [2024-12-04T18:29:35.986Z] Node Version:  v20.17.0
[debug] [2024-12-04T18:29:35.986Z] Time:          Thu Dec 05 2024 01:29:35 GMT+0700 (Western Indonesia Time)
[debug] [2024-12-04T18:29:35.986Z] ----------------------------------------------------------------------
[debug] 
[debug] [2024-12-04T18:29:35.992Z] > command requires scopes: ["email","openid","https://www.googleapis.com/auth/cloudplatformprojects.readonly","https://www.googleapis.com/auth/firebase","https://www.googleapis.com/auth/cloud-platform"]
[debug] [2024-12-04T18:29:35.992Z] > authorizing via signed-in user (cokynababan28@gmail.com)
[debug] [2024-12-04T18:29:35.995Z] Checked if tokens are valid: false, expires at: 1715589862519
[debug] [2024-12-04T18:29:35.995Z] Checked if tokens are valid: false, expires at: 1715589862519
[debug] [2024-12-04T18:29:35.996Z] > refreshing access token with scopes: []
[debug] [2024-12-04T18:29:35.997Z] >>> [apiv2][query] POST https://www.googleapis.com/oauth2/v3/token [none]
[debug] [2024-12-04T18:29:35.997Z] >>> [apiv2][body] POST https://www.googleapis.com/oauth2/v3/token [omitted]
[debug] [2024-12-04T18:29:36.175Z] <<< [apiv2][status] POST https://www.googleapis.com/oauth2/v3/token 400
[debug] [2024-12-04T18:29:36.175Z] <<< [apiv2][body] POST https://www.googleapis.com/oauth2/v3/token [omitted]
[debug] [2024-12-04T18:29:36.176Z] >>> [apiv2][query] GET https://firebase.googleapis.com/v1beta1/projects pageSize=1000
[debug] [2024-12-04T18:29:36.776Z] <<< [apiv2][status] GET https://firebase.googleapis.com/v1beta1/projects 401
[debug] [2024-12-04T18:29:36.776Z] <<< [apiv2][body] GET https://firebase.googleapis.com/v1beta1/projects [omitted]
[debug] [2024-12-04T18:29:36.776Z] Got a 401 Unauthenticated error for a call that required authentication. Refreshing tokens.
[debug] [2024-12-04T18:29:36.776Z] Checked if tokens are valid: false, expires at: 1715589862519
[debug] [2024-12-04T18:29:36.776Z] Checked if tokens are valid: false, expires at: 1715589862519
[debug] [2024-12-04T18:29:36.776Z] > refreshing access token with scopes: []
[debug] [2024-12-04T18:29:36.777Z] >>> [apiv2][query] POST https://www.googleapis.com/oauth2/v3/token [none]
[debug] [2024-12-04T18:29:36.777Z] >>> [apiv2][body] POST https://www.googleapis.com/oauth2/v3/token [omitted]
[debug] [2024-12-04T18:29:36.836Z] <<< [apiv2][status] POST https://www.googleapis.com/oauth2/v3/token 400
[debug] [2024-12-04T18:29:36.836Z] <<< [apiv2][body] POST https://www.googleapis.com/oauth2/v3/token [omitted]
[debug] [2024-12-04T18:29:36.837Z] Request to https://firebase.googleapis.com/v1beta1/projects?pageSize=1000 had HTTP Error: 401, Request had invalid authentication credentials. Expected OAuth 2 access token, login cookie or other valid authentication credential. See https://developers.google.com/identity/sign-in/web/devconsole-project.
[debug] [2024-12-04T18:29:36.983Z] FirebaseError: Request to https://firebase.googleapis.com/v1beta1/projects?pageSize=1000 had HTTP Error: 401, Request had invalid authentication credentials. Expected OAuth 2 access token, login cookie or other valid authentication credential. See https://developers.google.com/identity/sign-in/web/devconsole-project.
    at responseToError (C:\Users\CRMN\AppData\Roaming\npm\node_modules\firebase-tools\lib\responseToError.js:52:12)
    at RetryOperation._fn (C:\Users\CRMN\AppData\Roaming\npm\node_modules\firebase-tools\lib\apiv2.js:312:77)
    at process.processTicksAndRejections (node:internal/process/task_queues:95:5)
[error] 
[error] Error: Failed to list Firebase projects. See firebase-debug.log for more info.
